<?xml version="1.0" encoding="UTF-8"?>
<robot generator="Robot 5.0.1 (Python 3.10.5 on win32)" generated="20230221 09:54:30.124" rpa="false" schemaversion="3">
<suite id="s1" name="CreateFTUser ddTest" source="C:\Users\TMR&amp;D\PycharmProjects\EPTW-RF\Tests\Portal\CreateFTUser_ddTest.robot">
<test id="s1-t1" name="Verify FT user creation" line="11">
<kw name="Start Test" library="common">
<arg>${url}</arg>
<arg>${browser}</arg>
<kw name="Open Browser" library="SeleniumLibrary">
<arg>${url}</arg>
<arg>${browser}</arg>
<doc>Opens a new browser instance to the optional ``url``.</doc>
<msg timestamp="20230221 09:54:30.328" level="INFO">Opening browser 'chrome' to base url 'http://eptw-portal-eptw.apps.ocp.tmrnd.com.my/#/login'.</msg>
<status status="PASS" starttime="20230221 09:54:30.328" endtime="20230221 09:54:32.496"/>
</kw>
<kw name="Maximize Browser Window" library="SeleniumLibrary">
<doc>Maximizes current browser window.</doc>
<status status="PASS" starttime="20230221 09:54:32.496" endtime="20230221 09:54:32.634"/>
</kw>
<kw name="Set Browser Implicit Wait" library="SeleniumLibrary">
<arg>30</arg>
<doc>Sets the implicit wait value used by Selenium.</doc>
<status status="PASS" starttime="20230221 09:54:32.634" endtime="20230221 09:54:32.640"/>
</kw>
<kw name="Title Should Be" library="SeleniumLibrary">
<arg>e-PTW</arg>
<doc>Verifies that the current page title equals ``title``.</doc>
<msg timestamp="20230221 09:54:32.650" level="INFO">Page title is 'e-PTW'.</msg>
<status status="PASS" starttime="20230221 09:54:32.641" endtime="20230221 09:54:32.650"/>
</kw>
<kw name="Wait Until Element Is Visible" library="SeleniumLibrary">
<arg>${eptwLogo}</arg>
<doc>Waits until the element ``locator`` is visible.</doc>
<status status="PASS" starttime="20230221 09:54:32.651" endtime="20230221 09:54:32.688"/>
</kw>
<status status="PASS" starttime="20230221 09:54:30.328" endtime="20230221 09:54:32.688"/>
</kw>
<kw name="Valid Login" library="LoginPageCA">
<kw name="Input Text" library="SeleniumLibrary">
<arg>${unameField}</arg>
<arg>${unameCA}</arg>
<doc>Types the given ``text`` into the text field identified by ``locator``.</doc>
<msg timestamp="20230221 09:54:32.695" level="INFO">Typing text 'adminxyz' into text field '//input[@title='User ID']'.</msg>
<status status="PASS" starttime="20230221 09:54:32.695" endtime="20230221 09:54:32.883"/>
</kw>
<kw name="Input Password" library="SeleniumLibrary">
<arg>${pwdField}</arg>
<arg>${pwdCA}</arg>
<doc>Types the given password into the text field identified by ``locator``.</doc>
<msg timestamp="20230221 09:54:32.884" level="INFO">Typing password into text field '//input[@type='password']'.</msg>
<msg timestamp="20230221 09:54:32.978" level="INFO">Temporally setting log level to: NONE</msg>
<msg timestamp="20230221 09:54:33.042" level="INFO">Log level changed from NONE to INFO.</msg>
<status status="PASS" starttime="20230221 09:54:32.883" endtime="20230221 09:54:33.042"/>
</kw>
<kw name="Click Element" library="SeleniumLibrary">
<arg>${loginBtn}</arg>
<doc>Click the element identified by ``locator``.</doc>
<msg timestamp="20230221 09:54:33.042" level="INFO">Clicking element '//button[text()='Login ']'.</msg>
<status status="PASS" starttime="20230221 09:54:33.042" endtime="20230221 09:54:33.114"/>
</kw>
<kw name="Wait Until Page Contains" library="SeleniumLibrary">
<arg>Dashboard</arg>
<arg>timeout=5</arg>
<doc>Waits until ``text`` appears on the current page.</doc>
<status status="PASS" starttime="20230221 09:54:33.114" endtime="20230221 09:54:35.580"/>
</kw>
<kw name="Sleep" library="BuiltIn">
<arg>2</arg>
<doc>Pauses the test executed for the given time.</doc>
<msg timestamp="20230221 09:54:37.594" level="INFO">Slept 2 seconds</msg>
<status status="PASS" starttime="20230221 09:54:35.580" endtime="20230221 09:54:37.594"/>
</kw>
<status status="PASS" starttime="20230221 09:54:32.688" endtime="20230221 09:54:37.594"/>
</kw>
<kw name="Valid User Add-Data Driven" library="CreateFTUser_dd">
<arg>${name_dd}</arg>
<arg>${email_dd}</arg>
<arg>${contactNo_dd}</arg>
<arg>${passportNo_dd}</arg>
<arg>${expDate_dd}</arg>
<arg>${remark_dd}</arg>
<msg timestamp="20230221 09:54:37.602" level="FAIL">Variable '${name_dd}' not found. Did you mean:
    ${name}</msg>
<status status="FAIL" starttime="20230221 09:54:37.594" endtime="20230221 09:54:37.602"/>
</kw>
<kw name="Finish Test" library="common">
<status status="NOT RUN" starttime="20230221 09:54:37.602" endtime="20230221 09:54:37.602"/>
</kw>
<doc>To test FT user creation</doc>
<tag>Regression_P</tag>
<status status="FAIL" starttime="20230221 09:54:30.312" endtime="20230221 09:54:37.610">Variable '${name_dd}' not found. Did you mean:
    ${name}</status>
</test>
<doc>To Test FT User creation functionality</doc>
<status status="FAIL" starttime="20230221 09:54:30.124" endtime="20230221 09:54:37.610"/>
</suite>
<statistics>
<total>
<stat pass="0" fail="1" skip="0">All Tests</stat>
</total>
<tag>
<stat pass="0" fail="1" skip="0">Regression_P</stat>
</tag>
<suite>
<stat pass="0" fail="1" skip="0" id="s1" name="CreateFTUser ddTest">CreateFTUser ddTest</stat>
</suite>
</statistics>
<errors>
<msg timestamp="20230221 09:54:30.312" level="ERROR">[ DataDriver ] Error in robot file:
  File "C:\Users\TMR&amp;D\PycharmProjects\EPTW-RF\Tests\Portal\CreateFTUser_ddTest.robot", line 0</msg>
<msg timestamp="20230221 09:54:30.312" level="ERROR">In source file:
  File "../../../../Data/FT-add.xlsx", line 0</msg>
<msg timestamp="20230221 09:54:30.312" level="ERROR">Calling method '_start_suite' of listener 'DataDriver' failed: FileNotFoundError: File attribute was not a full path. Tried to find C:\Users\TMR&amp;D\PycharmProjects\EPTW-RF\Tests\Portal\../../../../Data/FT-add.xlsx but file does not exist.</msg>
</errors>
</robot>
